Hello!
Isn't python great?
I hope you're inspired to use Python
I like files.
Error handling is useful.
pytest is better than unittestI like files.
Error handling is useful.
pytest is better than unittestI like files.
Error handling is useful.
pytest is better than unittestI like files.
Error handling is useful.
pytest is better than unittestI like files.
Error handling is useful.
pytest is better than unittestI like files.
Error handling is useful.
pytest is better than unittestI like files.
Error handling is useful.
pytest is better than unittestI like files.
Error handling is useful.
pytest is better than unittestI like files.
Error handling is useful.
pytest is better than unittestI like files.
Error handling is useful.
pytest is better than unittestI like files.
Error handling is useful.
pytest is better than unittestI like files.
Error handling is useful.
pytest is better than unittestI like files.
Error handling is useful.
pytest is better than unittest
